<?xml version="1.0" encoding="UTF-8"?>
<testsuite xmlns:xsi="http://www.w3.org/2001/XMLSchema-instance" xsi:noNamespaceSchemaLocation="https://maven.apache.org/surefire/maven-surefire-plugin/xsd/surefire-test-report.xsd" name="service.ServiceTest" time="0.062" tests="11" errors="0" skipped="0" failures="0">
  <properties>
[...]
</properties>
  <testcase name="tc_7_addStudent_validStudentId" classname="service.ServiceTest" time="0"/>
  <testcase name="tc_1_addStudent_validStudentGroup" classname="service.ServiceTest" time="0.009"/>
  <testcase name="tc_5_addStudent_validStudentEmail" classname="service.ServiceTest" time="0.007"/>
  <testcase name="tc_10_addStudent_validStudentGroup_BVA3" classname="service.ServiceTest" time="0.006"/>
  <testcase name="tc_2_addStudent_invalidStudentGroup" classname="service.ServiceTest" time="0.005"/>
  <testcase name="tc_9_addStudent_validStudentGroup_BVA2" classname="service.ServiceTest" time="0.007"/>
  <testcase name="tc_6_addStudent_invalidStudentEmail" classname="service.ServiceTest" time="0.004"/>
  <testcase name="tc_3_addStudent_validStudentName" classname="service.ServiceTest" time="0.006"/>
  <testcase name="tc_4_addStudent_invalidStudentName" classname="service.ServiceTest" time="0.006"/>
  <testcase name="tc_11_addStudent_invalidStudentGroup_BVA4" classname="service.ServiceTest" time="0.004"/>
  <testcase name="tc_8_addStudent_invalidStudentId" classname="service.ServiceTest" time="0.005"/>
</testsuite>